<?xml version="1.0" encoding="UTF-8"?>
<!-- Generated by org.testng.reporters.JUnitReportReporter -->
<testsuite skipped="0" hostname="Raktim" name="Framework.ExcelDrivenAPI.LibraryAPI" tests="1" failures="0" timestamp="06 Jan 2022 19:00:08 GMT" time="8.009" errors="0">
  <testcase name="addBookAPI" time="8.009" classname="Framework.ExcelDrivenAPI.LibraryAPI"/>
</testsuite> <!-- Framework.ExcelDrivenAPI.LibraryAPI -->
